<?xml version="1.0" encoding="UTF-8"?>
<!-- Generated by org.testng.reporters.JUnitReportReporter -->
<testsuite skipped="0" hostname="DESKTOP-6G8HV84" name="com.sgtest.TestNGActive.ActiveTime" tests="6" failures="0" timestamp="2021-09-20T05:14:37 IST" time="20.930" errors="0">
  <testcase name="launchBrowser" time="4.933" classname="com.sgtest.TestNGActive.ActiveTime"/>
  <system-out/>
  <testcase name="navigate" time="4.307" classname="com.sgtest.TestNGActive.ActiveTime"/>
  <system-out/>
  <testcase name="loginUser" time="5.262" classname="com.sgtest.TestNGActive.ActiveTime"/>
  <system-out/>
  <testcase name="minimizeFlyOutWindow" time="2.068" classname="com.sgtest.TestNGActive.ActiveTime"/>
  <system-out/>
  <testcase name="logoutUser" time="2.241" classname="com.sgtest.TestNGActive.ActiveTime"/>
  <system-out/>
  <testcase name="closeApplication" time="2.119" classname="com.sgtest.TestNGActive.ActiveTime"/>
  <system-out/>
</testsuite> <!-- com.sgtest.TestNGActive.ActiveTime -->
