<?xml version="1.0" encoding="UTF-8"?>
<!-- Generated by org.testng.reporters.JUnitReportReporter -->
<testsuite skipped="0" hostname="DESKTOP-6G8HV84" name="com.sgtest.TestNGExecutionOrder.ExecutionOrder" tests="2" failures="0" timestamp="2021-09-16T14:48:07 IST" time="0.013" errors="0">
  <testcase name="method1" time="0.010" classname="com.sgtest.TestNGExecutionOrder.ExecutionOrder"/>
  <system-out/>
  <testcase name="method2" time="0.003" classname="com.sgtest.TestNGExecutionOrder.ExecutionOrder"/>
  <system-out/>
</testsuite> <!-- com.sgtest.TestNGExecutionOrder.ExecutionOrder -->
