<?xml version="1.0" encoding="UTF-8"?>
<!-- Generated by org.testng.reporters.JUnitReportReporter -->
<testsuite skipped="0" hostname="DESKTOP-6G8HV84" name="com.sgtest.TestNGProducts.Products" tests="3" failures="0" timestamp="2021-09-15T20:17:30 IST" time="0.008" errors="0">
  <testcase name="modifyProduct" time="0.004" classname="com.sgtest.TestNGProducts.Products"/>
  <system-out/>
  <testcase name="createProduct" time="0.002" classname="com.sgtest.TestNGProducts.Products"/>
  <system-out/>
  <testcase name="deleteProduct" time="0.002" classname="com.sgtest.TestNGProducts.Products"/>
  <system-out/>
</testsuite> <!-- com.sgtest.TestNGProducts.Products -->
