<?xml version="1.0" encoding="UTF-8"?>
<!-- Generated by org.testng.reporters.JUnitReportReporter -->
<testsuite skipped="0" hostname="DESKTOP-6G8HV84" name="com.sgtest.TestNGUsers.Users" tests="3" failures="0" timestamp="2021-09-15T20:17:30 IST" time="0.010" errors="0">
  <testcase name="modifyUser" time="0.002" classname="com.sgtest.TestNGUsers.Users"/>
  <system-out/>
  <testcase name="createUser" time="0.007" classname="com.sgtest.TestNGUsers.Users"/>
  <system-out/>
  <testcase name="deleteUser" time="0.001" classname="com.sgtest.TestNGUsers.Users"/>
  <system-out/>
</testsuite> <!-- com.sgtest.TestNGUsers.Users -->
