<?xml version="1.0" encoding="UTF-8"?>
<!-- Generated by org.testng.reporters.JUnitReportReporter -->
<testsuite skipped="0" hostname="DESKTOP-6G8HV84" name="com.sgtest.TestNGExecutionOrder.GroupsDemo" tests="2" failures="0" timestamp="2021-09-16T20:21:09 IST" time="0.008" errors="0">
  <testcase name="method1" time="0.007" classname="com.sgtest.TestNGExecutionOrder.GroupsDemo"/>
  <system-out/>
  <testcase name="method2" time="0.001" classname="com.sgtest.TestNGExecutionOrder.GroupsDemo"/>
  <system-out/>
</testsuite> <!-- com.sgtest.TestNGExecutionOrder.GroupsDemo -->
